# JRE version: Java(TM) SE Runtime Environment (21.0.1+12) (build 21.0.1+12-LTS-29)
# Java VM: Java HotSpot(TM) 64-Bit Server VM (21.0.1+12-LTS-29, mixed mode, sharing, tiered, compressed oops, compressed class ptrs, g1 gc, windows-amd64)
GC Precious Log:
 CardTable entry size: 512
 Card Set container configuration: InlinePtr #cards 5 size 8 Array Of Cards #cards 12 size 40 Howl #buckets 4 coarsen threshold 1843 Howl Bitmap #cards 512 size 80 coarsen threshold 460 Card regions per heap region 1 cards per card region 2048
 CPUs: 4 total, 4 available
 Memory: 7879M
 Large Page Support: Disabled
 NUMA Support: Disabled
 Compressed Oops: Enabled (32-bit)
 Heap Region Size: 1M
 Heap Min Capacity: 8M
 Heap Initial Capacity: 124M
 Heap Max Capacity: 1970M
 Pre-touch: Disabled
 Parallel Workers: 4
 Concurrent Workers: 1
 Concurrent Refinement Workers: 4
 Periodic GC: Disabled
Heap:
 garbage-first heap   total 55296K, used 32488K [0x0000000084e00000, 0x0000000100000000)
  region size 1024K, 21 young (21504K), 3 survivors (3072K)
 Metaspace       used 27684K, committed 28160K, reserved 1114112K
  class space    used 3547K, committed 3776K, reserved 1048576K
GC Heap History (10 events):
Event: 15.141 GC heap before
{Heap before GC invocations=0 (full 0):
 garbage-first heap   total 126976K, used 13312K [0x0000000084e00000, 0x0000000100000000)
  region size 1024K, 13 young (13312K), 0 survivors (0K)
 Metaspace       used 3457K, committed 3648K, reserved 1114112K
  class space    used 349K, committed 448K, reserved 1048576K
}
Event: 15.165 GC heap after
{Heap after GC invocations=1 (full 0):
 garbage-first heap   total 126976K, used 6400K [0x0000000084e00000, 0x0000000100000000)
  region size 1024K, 2 young (2048K), 2 survivors (2048K)
 Metaspace       used 3457K, committed 3648K, reserved 1114112K
  class space    used 349K, committed 448K, reserved 1048576K
}
Event: 18.814 GC heap before
{Heap before GC invocations=1 (full 0):
 garbage-first heap   total 126976K, used 17664K [0x0000000084e00000, 0x0000000100000000)
  region size 1024K, 13 young (13312K), 2 survivors (2048K)
 Metaspace       used 6384K, committed 6656K, reserved 1114112K
  class space    used 728K, committed 832K, reserved 1048576K
}
Event: 18.819 GC heap after
{Heap after GC invocations=2 (full 0):
 garbage-first heap   total 126976K, used 7284K [0x0000000084e00000, 0x0000000100000000)
  region size 1024K, 1 young (1024K), 1 survivors (1024K)
 Metaspace       used 6384K, committed 6656K, reserved 1114112K
  class space    used 728K, committed 832K, reserved 1048576K
}
Event: 24.349 GC heap before
{Heap before GC invocations=2 (full 0):
 garbage-first heap   total 126976K, used 38004K [0x0000000084e00000, 0x0000000100000000)
  region size 1024K, 32 young (32768K), 1 survivors (1024K)
 Metaspace       used 14299K, committed 14656K, reserved 1114112K
  class space    used 1891K, committed 2048K, reserved 1048576K
}
Event: 24.356 GC heap after
{Heap after GC invocations=3 (full 0):
 garbage-first heap   total 126976K, used 9557K [0x0000000084e00000, 0x0000000100000000)
  region size 1024K, 3 young (3072K), 3 survivors (3072K)
 Metaspace       used 14299K, committed 14656K, reserved 1114112K
  class space    used 1891K, committed 2048K, reserved 1048576K
}
Event: 31.925 GC heap before
{Heap before GC invocations=3 (full 0):
 garbage-first heap   total 126976K, used 39253K [0x0000000084e00000, 0x0000000100000000)
  region size 1024K, 34 young (34816K), 3 survivors (3072K)
 Metaspace       used 21222K, committed 21504K, reserved 1114112K
  class space    used 2669K, committed 2816K, reserved 1048576K
}
Event: 31.937 GC heap after
{Heap after GC invocations=4 (full 0):
 garbage-first heap   total 126976K, used 13122K [0x0000000084e00000, 0x0000000100000000)
  region size 1024K, 7 young (7168K), 7 survivors (7168K)
 Metaspace       used 21222K, committed 21504K, reserved 1114112K
  class space    used 2669K, committed 2816K, reserved 1048576K
}
Event: 36.237 GC heap before
{Heap before GC invocations=5 (full 0):
 garbage-first heap   total 55296K, used 38722K [0x0000000084e00000, 0x0000000100000000)
  region size 1024K, 32 young (32768K), 7 survivors (7168K)
 Metaspace       used 24399K, committed 24704K, reserved 1114112K
  class space    used 3068K, committed 3200K, reserved 1048576K
}
Event: 36.251 GC heap after
{Heap after GC invocations=6 (full 0):
 garbage-first heap   total 55296K, used 15080K [0x0000000084e00000, 0x0000000100000000)
  region size 1024K, 3 young (3072K), 3 survivors (3072K)
 Metaspace       used 24399K, committed 24704K, reserved 1114112K
  class space    used 3068K, committed 3200K, reserved 1048576K
}

